4/25/2022 1:34:29 PM	This log contains information about the import schema operation into project 'Database' on computer 'DESKTOP-6332PUK' by user 'Muhammad Hamid Iqbal'.
4/25/2022 1:34:29 PM	Import of database schema has started.
4/25/2022 1:34:34 PM	Gathering database credentials
4/25/2022 1:34:34 PM	Gathering database options
4/25/2022 1:34:34 PM	Gathering users
4/25/2022 1:34:34 PM	Gathering roles
4/25/2022 1:34:34 PM	Gathering application roles
4/25/2022 1:34:34 PM	Gathering role memberships
4/25/2022 1:34:34 PM	Gathering filegroups
4/25/2022 1:34:34 PM	Gathering full-text catalogs
4/25/2022 1:34:34 PM	Gathering assemblies
4/25/2022 1:34:34 PM	Gathering certificates
4/25/2022 1:34:34 PM	Gathering asymmetric keys
4/25/2022 1:34:34 PM	Gathering symmetric keys
4/25/2022 1:34:34 PM	Gathering encrypted symmetric keys
4/25/2022 1:34:34 PM	Gathering schemas
4/25/2022 1:34:34 PM	Gathering XML schema collections
4/25/2022 1:34:34 PM	Gathering user-defined data types
4/25/2022 1:34:34 PM	Gathering user-defined types
4/25/2022 1:34:34 PM	Gathering table types
4/25/2022 1:34:34 PM	Gathering unique keys for table types
4/25/2022 1:34:34 PM	Gathering primary keys for table types
4/25/2022 1:34:34 PM	Gathering indexes for table types
4/25/2022 1:34:34 PM	Gathering check constraints for table types
4/25/2022 1:34:34 PM	Gathering default constraints for table types
4/25/2022 1:34:34 PM	Gathering partition functions
4/25/2022 1:34:34 PM	Gathering partition schemes
4/25/2022 1:34:36 PM	Gathering functions
4/25/2022 1:34:36 PM	Gathering encrypted functions
4/25/2022 1:34:36 PM	Gathering aggregates
4/25/2022 1:34:36 PM	Gathering procedures
4/25/2022 1:34:36 PM	Gathering encrypted procedures
4/25/2022 1:34:36 PM	Gathering tables
4/25/2022 1:34:36 PM	Gathering primary keys
4/25/2022 1:34:36 PM	Gathering unique constraints
4/25/2022 1:34:36 PM	Gathering foreign keys
4/25/2022 1:34:36 PM	Gathering default constraints
4/25/2022 1:34:36 PM	Gathering check constraints
4/25/2022 1:34:36 PM	Gathering views
4/25/2022 1:34:36 PM	Gathering encrypted views
4/25/2022 1:34:36 PM	Gathering indexes
4/25/2022 1:34:36 PM	Gathering statistics
4/25/2022 1:34:36 PM	Gathering full-text index stoplists
4/25/2022 1:34:36 PM	Gathering search property lists
4/25/2022 1:34:36 PM	Gathering search properties
4/25/2022 1:34:36 PM	Gathering full-text indexes
4/25/2022 1:34:36 PM	Gathering column store indexes
4/25/2022 1:34:36 PM	Gathering spatial indexes
4/25/2022 1:34:36 PM	Gathering XML indexes
4/25/2022 1:34:36 PM	Gathering Selective XML indexes
4/25/2022 1:34:36 PM	Gathering encrypted triggers
4/25/2022 1:34:36 PM	Gathering triggers
4/25/2022 1:34:36 PM	Gathering encrypted and clr ddl triggers
4/25/2022 1:34:36 PM	Gathering ddl triggers
4/25/2022 1:34:36 PM	Gathering synonyms
4/25/2022 1:34:36 PM	Gathering defaults
4/25/2022 1:34:36 PM	Gathering data constraint uddt bindings
4/25/2022 1:34:36 PM	Gathering rules
4/25/2022 1:34:36 PM	Gathering data constraint uddt bindings
4/25/2022 1:34:36 PM	Gathering message types
4/25/2022 1:34:36 PM	Gathering queues
4/25/2022 1:34:36 PM	Gathering contracts
4/25/2022 1:34:36 PM	Gathering services
4/25/2022 1:34:36 PM	Gathering event notifications
4/25/2022 1:34:36 PM	Gathering remote service bindings
4/25/2022 1:34:36 PM	Gathering broker priorities
4/25/2022 1:34:36 PM	Gathering signatures
4/25/2022 1:34:36 PM	Gathering data compression options
4/25/2022 1:34:36 PM	Gathering sequence types
4/25/2022 1:34:36 PM	Gathering security policies
4/25/2022 1:34:36 PM	Gather column encryption keys
4/25/2022 1:34:36 PM	Gathering column master keys
4/25/2022 1:34:36 PM	Gathering external data sources
4/25/2022 1:34:36 PM	Gathering external file formats
4/25/2022 1:34:36 PM	Gathering external tables
4/25/2022 1:34:36 PM	Gathering extended properties
4/25/2022 1:34:36 PM	Gathering credentials
4/25/2022 1:34:36 PM	Gathering logins
4/25/2022 1:34:36 PM	Gathering server audits
4/25/2022 1:34:36 PM	Scanning project for duplicate elements
4/25/2022 1:34:37 PM	Finished duplicate element processing
4/25/2022 1:34:37 PM	Finished importing database.
4/25/2022 1:34:37 PM	A summary of the import was saved to the following location: C:\Users\bsef1\source\repos\ATM\Database\Import Schema Logs\Database_20220425083429.log
4/25/2022 1:34:37 PM	Click Finish to continue...
